<?xml version="1.0" encoding="UTF-8"?>
<!-- Generated by org.testng.reporters.JUnitXMLReporter -->
<testsuite ignored="0" hostname="Abishek-Hari" failures="1" tests="1" name="Default test" time="0.944" errors="0" timestamp="2023-08-22T14:46:33 IST">
  <testcase classname="com.testautomation.TestRunner.TestRunner" name="feature" time="0.45">
    <failure type="java.lang.NullPointerException" message="Cannot invoke &amp;quot;com.aventstack.extentreports.ExtentTest.fail(com.aventstack.extentreports.markuputils.Markup)&amp;quot; because &amp;quot;extenttest&amp;quot; is null">
      <![CDATA[java.lang.NullPointerException: Cannot invoke "com.aventstack.extentreports.ExtentTest.fail(com.aventstack.extentreports.markuputils.Markup)" because "extenttest" is null
at com.testautomation.Listeners.ExtentReportListener.testStepHandle(ExtentReportListener.java:48)
at com.testautomation.StepDef.SauceDemoStepDef.verify_user_is_in_correct_page(SauceDemoStepDef.java:45)
at âœ½.I verify the user is in correct website(./features/CucumberHooks.feature:6)
]]>
    </failure>
  </testcase> <!-- feature -->
</testsuite> <!-- Default test -->
